<?xml version="1.0" encoding="UTF-8"?>
<testsuite xmlns:xsi="http://www.w3.org/2001/XMLSchema-instance" xsi:noNamespaceSchemaLocation="https://maven.apache.org/surefire/maven-surefire-plugin/xsd/surefire-test-report-3.0.xsd" version="3.0" name="com.si.scrapping.scrapping.ScrappingApplicationTests" time="1.921" tests="2" errors="0" skipped="0" failures="0">
  <properties>
[...]
</properties>
  <testcase name="redisConnectiontest" classname="com.si.scrapping.scrapping.ScrappingApplicationTests" time="0.758">
    <system-out><![CDATA[10:20:02.830 [main] INFO org.springframework.test.context.support.AnnotationConfigContextLoaderUtils -- Could not detect default configuration classes for test class [com.si.scrapping.scrapping.ScrappingApplicationTests]: ScrappingApplicationTests does not declare any static, non-private, non-final, nested classes annotated with @Configuration.
10:20:02.905 [main] INFO org.springframework.boot.test.context.SpringBootTestContextBootstrapper -- Found @SpringBootConfiguration com.si.scrapping.scrapping.ScrappingApplication for test class com.si.scrapping.scrapping.ScrappingApplicationTests

  .   ____          _            __ _ _
 /\\ / ___'_ __ _ _(_)_ __  __ _ \ \ \ \
( ( )\___ | '_ | '_| | '_ \/ _` | \ \ \ \
 \\/  ___)| |_)| | | | | || (_| |  ) ) ) )
  '  |____| .__|_| |_|_| |_\__, | / / / /
 =========|_|==============|___/=/_/_/_/
 :: Spring Boot ::                (v3.1.4)

2023-10-20T10:20:03.140Z  WARN 29560 --- [           main] ory$DuplicateJsonObjectContextCustomizer : 

Found multiple occurrences of org.json.JSONObject on the class path:

	jar:file:/home/vscode/.m2/repository/org/json/json/20220320/json-20220320.jar!/org/json/JSONObject.class
	jar:file:/home/vscode/.m2/repository/com/vaadin/external/google/android-json/0.0.20131108.vaadin1/android-json-0.0.20131108.vaadin1.jar!/org/json/JSONObject.class

You may wish to exclude one of them to ensure predictable runtime behavior

2023-10-20T10:20:03.148Z  INFO 29560 --- [           main] c.s.s.s.ScrappingApplicationTests        : Starting ScrappingApplicationTests using Java 21 with PID 29560 (started by vscode in /workspaces/java-2/scrapping-proiektua)
2023-10-20T10:20:03.148Z  INFO 29560 --- [           main] c.s.s.s.ScrappingApplicationTests        : No active profile set, falling back to 1 default profile: "default"
2023-10-20T10:20:03.383Z  INFO 29560 --- [           main] .s.d.r.c.RepositoryConfigurationDelegate : Multiple Spring Data modules found, entering strict repository configuration mode
2023-10-20T10:20:03.385Z  INFO 29560 --- [           main] .s.d.r.c.RepositoryConfigurationDelegate : Bootstrapping Spring Data Redis repositories in DEFAULT mode.
2023-10-20T10:20:03.404Z  INFO 29560 --- [           main] .s.d.r.c.RepositoryConfigurationDelegate : Finished Spring Data repository scanning in 8 ms. Found 0 Redis repository interfaces.
2023-10-20T10:20:03.856Z  INFO 29560 --- [           main] c.s.s.s.ScrappingApplicationTests        : Started ScrappingApplicationTests in 0.848 seconds (process running for 1.719)
bar
{name=John, surname=Smith, company=Redis, age=29}
]]></system-out>
    <system-err><![CDATA[WARNING: A Java agent has been loaded dynamically (/home/vscode/.m2/repository/net/bytebuddy/byte-buddy-agent/1.14.8/byte-buddy-agent-1.14.8.jar)
WARNING: If a serviceability tool is in use, please run with -XX:+EnableDynamicAgentLoading to hide this warning
WARNING: If a serviceability tool is not in use, please run with -Djdk.instrument.traceUsage for more information
WARNING: Dynamic loading of agents will be disallowed by default in a future release
]]></system-err>
  </testcase>
  <testcase name="contextLoads" classname="com.si.scrapping.scrapping.ScrappingApplicationTests" time="0.004"/>
</testsuite>